loading app ./ffw.py
loading app ryu.controller.ofp_handler
instantiating app ./ffw.py of SimpleSwitch13
instantiating app ryu.controller.ofp_handler of OFPHandler
BRICK SimpleSwitch13
  CONSUMES EventOFPPacketIn
  CONSUMES EventOFPSwitchFeatures
BRICK ofp_event
  PROVIDES EventOFPPacketIn TO {'SimpleSwitch13': {'main'}}
  PROVIDES EventOFPSwitchFeatures TO {'SimpleSwitch13': {'config'}}
  CONSUMES EventOFPEchoReply
  CONSUMES EventOFPEchoRequest
  CONSUMES EventOFPErrorMsg
  CONSUMES EventOFPHello
  CONSUMES EventOFPPortDescStatsReply
  CONSUMES EventOFPPortStatus
  CONSUMES EventOFPSwitchFeatures
connected socket:<eventlet.greenio.base.GreenSocket object at 0x7f6614bacbe0> address:('127.0.0.1', 53978)
connected socket:<eventlet.greenio.base.GreenSocket object at 0x7f6614baca90> address:('127.0.0.1', 53980)
hello ev <ryu.controller.ofp_event.EventOFPHello object at 0x7f6614b483a0>
move onto config mode
EVENT ofp_event->SimpleSwitch13 EventOFPSwitchFeatures
switch features ev version=0x4,msg_type=0x6,msg_len=0x20,xid=0x2d26d71,OFPSwitchFeatures(auxiliary_id=0,capabilities=79,datapath_id=1,n_buffers=0,n_tables=254)
move onto main mode
EVENT ofp_event->SimpleSwitch13 EventOFPPacketIn
packet in 0000000000000001 00:00:00:00:00:01 ff:ff:ff:ff:ff:ff 1
EVENT ofp_event->SimpleSwitch13 EventOFPPacketIn
packet in 0000000000000001 00:00:00:00:00:02 00:00:00:00:00:01 2
EVENT ofp_event->SimpleSwitch13 EventOFPPacketIn
packet in 0000000000000001 00:00:00:00:00:01 00:00:00:00:00:02 1
Filtered ICMP to h2
EVENT ofp_event->SimpleSwitch13 EventOFPPacketIn
packet in 0000000000000001 00:00:00:00:00:01 00:00:00:00:00:02 1
Filtered ICMP to h2
EVENT ofp_event->SimpleSwitch13 EventOFPPacketIn
packet in 0000000000000001 00:00:00:00:00:01 00:00:00:00:00:02 1
Filtered ICMP to h2
EVENT ofp_event->SimpleSwitch13 EventOFPPacketIn
packet in 0000000000000001 00:00:00:00:00:01 00:00:00:00:00:02 1
Filtered ICMP to h2
EVENT ofp_event->SimpleSwitch13 EventOFPPacketIn
packet in 0000000000000001 00:00:00:00:00:01 00:00:00:00:00:02 1
Filtered ICMP to h2
EVENT ofp_event->SimpleSwitch13 EventOFPPacketIn
packet in 0000000000000001 00:00:00:00:00:01 00:00:00:00:00:02 1
Filtered ICMP to h2
EVENT ofp_event->SimpleSwitch13 EventOFPPacketIn
packet in 0000000000000001 00:00:00:00:00:01 00:00:00:00:00:02 1
EVENT ofp_event->SimpleSwitch13 EventOFPPacketIn
packet in 0000000000000001 00:00:00:00:00:01 ff:ff:ff:ff:ff:ff 1
EVENT ofp_event->SimpleSwitch13 EventOFPPacketIn
packet in 0000000000000001 00:00:00:00:00:03 00:00:00:00:00:01 3
EVENT ofp_event->SimpleSwitch13 EventOFPPacketIn
packet in 0000000000000001 00:00:00:00:00:01 00:00:00:00:00:03 1
EVENT ofp_event->SimpleSwitch13 EventOFPPacketIn
packet in 0000000000000001 00:00:00:00:00:02 ff:ff:ff:ff:ff:ff 2
EVENT ofp_event->SimpleSwitch13 EventOFPPacketIn
packet in 0000000000000001 00:00:00:00:00:03 00:00:00:00:00:02 3
EVENT ofp_event->SimpleSwitch13 EventOFPPacketIn
packet in 0000000000000001 00:00:00:00:00:02 00:00:00:00:00:03 2
EVENT ofp_event->SimpleSwitch13 EventOFPPacketIn
packet in 0000000000000001 00:00:00:00:00:03 00:00:00:00:00:02 3
Filtered ICMP to h2
EVENT ofp_event->SimpleSwitch13 EventOFPPacketIn
packet in 0000000000000001 00:00:00:00:00:03 00:00:00:00:00:02 3
Filtered ICMP to h2
EVENT ofp_event->SimpleSwitch13 EventOFPPacketIn
packet in 0000000000000001 00:00:00:00:00:03 00:00:00:00:00:02 3
Filtered ICMP to h2
EVENT ofp_event->SimpleSwitch13 EventOFPPacketIn
packet in 0000000000000001 00:00:00:00:00:03 00:00:00:00:00:02 3
EVENT ofp_event->SimpleSwitch13 EventOFPPacketIn
packet in 0000000000000001 00:00:00:00:00:03 00:00:00:00:00:02 3
Filtered ICMP to h2
EVENT ofp_event->SimpleSwitch13 EventOFPPacketIn
packet in 0000000000000001 00:00:00:00:00:03 00:00:00:00:00:02 3
Filtered ICMP to h2
EVENT ofp_event->Siconnected socket:<eventlet.greenio.base.GreenSocket object at 0x7f70771dfa00> address:('127.0.0.1', 54018)
connected socket:<eventlet.greenio.base.GreenSocket object at 0x7f707883ee20> address:('127.0.0.1', 54020)
hello ev <ryu.controller.ofp_event.EventOFPHello object at 0x7f70771a08e0>
move onto config mode
EVENT ofp_event->SimpleSwitch13 EventOFPSwitchFeatures
switch features ev version=0x4,msg_type=0x6,msg_len=0x20,xid=0x6f2e1ba4,OFPSwitchFeatures(auxiliary_id=0,capabilities=79,datapath_id=1,n_buffers=0,n_tables=254)
move onto main mode
EVENT ofp_event->SimpleSwitch13 EventOFPPacketIn
packet in 0000000000000001 00:00:00:00:00:01 ff:ff:ff:ff:ff:ff 1
EVENT ofp_event->SimpleSwitch13 EventOFPPacketIn
packet in 0000000000000001 00:00:00:00:00:03 00:00:00:00:00:01 3
EVENT ofp_event->SimpleSwitch13 EventOFPPacketIn
packet in 0000000000000001 00:00:00:00:00:01 00:00:00:00:00:03 1
connected socket:<eventlet.greenio.base.GreenSocket object at 0x7f70771dfc70> address:('127.0.0.1', 54026)
hello ev connected socket:<eventlet.greenio.base.GreenSocket object at 0x7fe01cc33a90> address:('127.0.0.1', 54094)
mpleSwitch13 EventOFPSwitchFeatures
switch features ev version=0x4,msg_type=0x6,msg_len=0x20,xid=0xeae573e6,OFPSwitchFeatures(auxiliary_id=0,capabilities=79,datapath_id=1,n_buffers=0,n_tables=254)
move onto main mode
EVENT ofp_event->SimpleSwitch13 EventOFPPacketIn
packet in 0000000000000001 00:00:00:00:00:01 ff:ff:ff:ff:ff:ff 1
EVENT ofp_event->SimpleSwitch13 EventOFPPacketIn
packet in 0000000000000001 00:00:00:00:00:03 00:00:00:00:00:01 3
EVENT ofp_event->SimpleSwitch13 EventOFPPacketIn
packet in 0000000000000001 00:00:00:00:00:01 00:00:00:00:00:03 1
connected socket:<eventlet.greenio.base.GreenSocket object at 0x7f7078813610> address:('127.0.0.1', 54066)
hello ev <ryu.controller.ofp_event.EventOFPHello object at 0x7f70771a0e50>
move onto config mode
EVENT ofp_event->SimpleSwitch13 EventOFPSwitchFeatures
switch features ev version=0x4,msg_type=0x6,msg_len=0x20,xid=0x4d96f0cc,OFPSwitchFeatures(auxiliary_id=0,capabilities=79,datapath_id=1,n_buffers=0,n_tables=254)
move onto main mode
EVENT ofp_event->SimpleSwitch13 EventOFPPacketIn
packet in 0000000000000001 00:00:00:00:00:01 ff:ff:ff:ff:ff:ff 1
EVENT ofp_event->SimpleSwitch13 EventOFPPacketIn
packet in 0000000000000001 00:00:00:00:00:03 00:00:00:00:00:01 3
EVENT ofp_event->SimpleSwitch13 EventOFPPacketIn
packet in 0000000000000001 00:00:00:00:00:01 00:00:00:00:00:03 1
