loading app ./hub.py
loading app ryu.controller.ofp_handler
instantiating app ./hub.py of SimpleSwitch13
instantiating app ryu.controller.ofp_handler of OFPHandler
BRICK SimpleSwitch13
  CONSUMES EventOFPPacketIn
  CONSUMES EventOFPSwitchFeatures
BRICK ofp_event
  PROVIDES EventOFPPacketIn TO {'SimpleSwitch13': {'main'}}
  PROVIDES EventOFPSwitchFeatures TO {'SimpleSwitch13': {'config'}}
  CONSUMES EventOFPEchoReply
  CONSUMES EventOFPEchoRequest
  CONSUMES EventOFPErrorMsg
  CONSUMES EventOFPHello
  CONSUMES EventOFPPortDescStatsReply
  CONSUMES EventOFPPortStatus
  CONSUMES EventOFPSwitchFeatures
connected socket:<eventlet.greenio.base.GreenSocket object at 0x7f9e31a3a9a0> address:('127.0.0.1', 53768)
hello ev <ryu.controller.ofp_event.EventOFPHello object at 0x7f9e319d50a0>
move onto config mode
EVENT ofp_event->SimpleSwitch13 EventOFPSwitchFeatures
switch features ev version=0x4,msg_type=0x6,msg_len=0x20,xid=0x434ae468,OFPSwitchFeatures(auxiliary_id=0,capabilities=79,datapath_id=1,n_buffers=0,n_tables=254)
move onto main mode
EVENT ofp_event->SimpleSwitch13 EventOFPPacketIn
packet in 0000000000000001 00:00:00:00:00:01 ff:ff:ff:ff:ff:ff 1
EVENT ofp_event->SimpleSwitch13 EventOFPPacketIn
packet in 0000000000000001 00:00:00:00:00:03 00:00:00:00:00:01 3
EVENT ofp_event->SimpleSwitch13 EventOFPPacketIn
EVENT ofp_event->SimpleSwitch13 EventOFPPacketIn
packet in 0000000000000001 00:00:00:00:00:01 00:00:00:00:00:03 1
packet in 0000000000000001 00:00:00:00:00:01 00:00:00:00:00:03 1
EVENT ofp_event->SimpleSwitch13 EventOFPPacketIn
EVENT ofp_event->SimpleSwitch13 EventOFPPacketIn
packet in 0000000000000001 00:00:00:00:00:03 00:00:00:00:00:01 3
packet in 0000000000000001 00:00:00:00:00:03 00:00:00:00:00:01 3
EVENT ofp_event->SimpleSwitch13 EventOFPPacketIn
packet in 0000000000000001 00:00:00:00:00:01 00:00:00:00:00:03 1
EVENT ofp_event->SimpleSwitch13 EventOFPPacketIn
packet in 0000000000000001 00:00:00:00:00:03 00:00:00:00:00:01 3
